[ 2024-03-19 17:16:32,908 ] root - INFO - Entered the start_data_ingestion method of TrainPipeline class
[ 2024-03-19 17:16:32,908 ] root - INFO - Getting the data from mongodb
[ 2024-03-19 17:16:32,908 ] root - INFO - Entered initiate_data_ingestion method of Data_Ingestion class
[ 2024-03-19 17:16:32,908 ] root - INFO - Exporting data from mongodb
[ 2024-03-19 17:16:33,691 ] root - INFO - MongoDB connection succesfull
[ 2024-03-19 17:16:53,454 ] root - INFO - Shape of dataframe: (25480, 12)
[ 2024-03-19 17:16:53,456 ] root - INFO - Saving exported data into feature store file path: artifact\03_19_2024_17_16_31\data_ingestion\feature_store\usvisa.csv
[ 2024-03-19 17:16:53,589 ] root - INFO - Got the data from mongodb
[ 2024-03-19 17:16:53,589 ] root - INFO - Entered split_data_as_train_test method of Data_Ingestion class
[ 2024-03-19 17:16:53,604 ] root - INFO - Performed train test split on the dataframe
[ 2024-03-19 17:16:53,604 ] root - INFO - Exited split_data_as_train_test method of Data_Ingestion class
[ 2024-03-19 17:16:53,604 ] root - INFO - Exporting train and test file path.
[ 2024-03-19 17:16:53,761 ] root - INFO - Exported train and test file path.
[ 2024-03-19 17:16:53,761 ] root - INFO - Performed train test split on the dataset
[ 2024-03-19 17:16:53,761 ] root - INFO - Exited initiate_data_ingestion method of Data_Ingestion class
[ 2024-03-19 17:16:53,761 ] root - INFO - Data ingestion artifact: DataIngestionArtifact(trained_file_path='artifact\\03_19_2024_17_16_31\\data_ingestion\\ingested\\train.csv', test_file_path='artifact\\03_19_2024_17_16_31\\data_ingestion\\ingested\\test.csv')
[ 2024-03-19 17:16:53,776 ] root - INFO - Got the train_set and test_set from mongodb
[ 2024-03-19 17:16:53,776 ] root - INFO - Exited the start_data_ingestion method of TrainPipeline class
[ 2024-03-19 17:16:53,776 ] root - INFO - Entered the start_data_validation method of TrainPipeline class
[ 2024-03-19 17:16:53,776 ] root - INFO - Starting data validation
[ 2024-03-19 17:16:53,870 ] root - INFO - Is required column present: [True]
[ 2024-03-19 17:16:53,870 ] root - INFO - All required columns present in training dataframe: True
[ 2024-03-19 17:16:53,870 ] root - INFO - Is required column present: [True]
[ 2024-03-19 17:16:53,870 ] root - INFO - All required columns present in testing dataframe: True
[ 2024-03-19 17:17:51,837 ] root - INFO - 1/12 drift detected.
[ 2024-03-19 17:17:51,837 ] root - INFO - Data validation artifact: DataValidationArtifact(validation_status=True, message='Drift not detected', drift_report_file_path='artifact\\03_19_2024_17_16_31\\data_validation\\drift_report\\report.yaml')
[ 2024-03-19 17:17:51,837 ] root - INFO - Performed the data validation operation
[ 2024-03-19 17:17:51,837 ] root - INFO - Exited the start_data_validation method of TrainPipeline class
[ 2024-03-19 17:17:51,853 ] root - INFO - Starting data transformation
[ 2024-03-19 17:17:51,853 ] root - INFO - Entered get_data_transformer_object method of DataTransformation class
[ 2024-03-19 17:17:51,853 ] root - INFO - Got numerical cols from schema config
[ 2024-03-19 17:17:51,853 ] root - INFO - Initialized StandardScaler, OneHotEncoder, OrdinalEncoder
[ 2024-03-19 17:17:51,853 ] root - INFO - Initialize PowerTransformer
[ 2024-03-19 17:17:51,853 ] root - INFO - Created preprocessor object from ColumnTransformer
[ 2024-03-19 17:17:51,853 ] root - INFO - Exited get_data_transformer_object method of DataTransformation class
[ 2024-03-19 17:17:51,853 ] root - INFO - Got the preprocessor object
[ 2024-03-19 17:17:51,900 ] root - INFO - Got train features and test features of Training dataset
[ 2024-03-19 17:17:51,900 ] root - INFO - Added company_age column to the Training dataset
[ 2024-03-19 17:17:51,900 ] root - INFO - drop the columns in drop_cols of Training dataset
[ 2024-03-19 17:17:51,900 ] root - INFO - Entered drop_columns methon of utils
[ 2024-03-19 17:17:51,900 ] root - INFO - Exited the drop_columns method of utils
[ 2024-03-19 17:17:51,915 ] root - INFO - Added company_age column to the Test dataset
[ 2024-03-19 17:17:51,915 ] root - INFO - Entered drop_columns methon of utils
[ 2024-03-19 17:17:51,915 ] root - INFO - Exited the drop_columns method of utils
[ 2024-03-19 17:17:51,915 ] root - INFO - drop the columns in drop_cols of Test dataset
[ 2024-03-19 17:17:51,915 ] root - INFO - Got train features and test features of Testing dataset
[ 2024-03-19 17:17:51,915 ] root - INFO - Applying preprocessing object on training dataframe and testing dataframe
[ 2024-03-19 17:17:52,009 ] root - INFO - Used the preprocessor object to fit transform the train features
[ 2024-03-19 17:17:52,040 ] root - INFO - Used the preprocessor object to transform the test features
[ 2024-03-19 17:17:52,040 ] root - INFO - Applying SMOTEENN on Training dataset
[ 2024-03-19 17:17:54,309 ] root - INFO - Applied SMOTEENN on training dataset
[ 2024-03-19 17:17:54,309 ] root - INFO - Applying SMOTEENN on testing dataset
[ 2024-03-19 17:17:54,501 ] root - INFO - Applied SMOTEENN on testing dataset
[ 2024-03-19 17:17:54,501 ] root - INFO - Created train array and test array
[ 2024-03-19 17:17:54,501 ] root - INFO - Entered the save_object method of utils
[ 2024-03-19 17:17:54,516 ] root - INFO - Exited the save_object method of utils
[ 2024-03-19 17:17:54,579 ] root - INFO - Saved the preprocessor object
[ 2024-03-19 17:17:54,579 ] root - INFO - Exited initiate_data_transformation method of Data_Transformation class
[ 2024-03-19 17:17:54,579 ] root - INFO - Entered initiate_model_trainer method of ModelTrainer class
[ 2024-03-19 17:17:54,610 ] root - INFO - Using neuro_mf to get best model object and report
[ 2024-03-19 17:17:54,626 ] neuro_mf - INFO - Started Initializing model from config file
[ 2024-03-19 17:17:54,626 ] neuro_mf - INFO - {'algorithm': 'kd_tree', 'weights': 'uniform', 'n_neighbors': 3}
[ 2024-03-19 17:17:54,626 ] neuro_mf - INFO - {'max_depth': 10, 'max_features': 'sqrt', 'n_estimators': 3}
[ 2024-03-19 17:17:54,626 ] neuro_mf - INFO - Initialized model: [InitializedModelDetail(model_serial_number='module_0', model=KNeighborsClassifier(algorithm='kd_tree', n_neighbors=3), param_grid_search={'algorithm': ['auto', 'ball_tree', 'kd_tree', 'brute'], 'weights': ['uniform', 'distance'], 'n_neighbors': [3, 5, 9]}, model_name='sklearn.neighbors.KNeighborsClassifier'), InitializedModelDetail(model_serial_number='module_1', model=RandomForestClassifier(max_depth=10, n_estimators=3), param_grid_search={'max_depth': [10, 15, 20], 'max_features': ['sqrt', 'log2'], 'n_estimators': [3, 5, 9]}, model_name='sklearn.ensemble.RandomForestClassifier')]
[ 2024-03-19 17:17:54,626 ] neuro_mf - INFO - ('**************************************************', 'training KNeighborsClassifier', '**************************************************')
[ 2024-03-19 17:17:54,626 ] neuro_mf - INFO - {'cv': 3, 'verbose': 3}
[ 2024-03-19 17:18:29,706 ] neuro_mf - INFO - ('**************************************************', 'training RandomForestClassifier', '**************************************************')
[ 2024-03-19 17:18:29,707 ] neuro_mf - INFO - {'cv': 3, 'verbose': 3}
[ 2024-03-19 17:18:37,071 ] neuro_mf - INFO - Acceptable model found:GridSearchedBestModel(model_serial_number='module_0', model=KNeighborsClassifier(algorithm='kd_tree', n_neighbors=3), best_model=KNeighborsClassifier(n_neighbors=3, weights='distance'), best_parameters={'algorithm': 'auto', 'n_neighbors': 3, 'weights': 'distance'}, best_score=0.9606956327299407)
[ 2024-03-19 17:18:37,071 ] neuro_mf - INFO - Best model: GridSearchedBestModel(model_serial_number='module_0', model=KNeighborsClassifier(algorithm='kd_tree', n_neighbors=3), best_model=KNeighborsClassifier(n_neighbors=3, weights='distance'), best_parameters={'algorithm': 'auto', 'n_neighbors': 3, 'weights': 'distance'}, best_score=0.9606956327299407)
[ 2024-03-19 17:18:37,195 ] root - INFO - Entered the load_object method of utils
[ 2024-03-19 17:18:37,211 ] root - INFO - Exited the load_object method of utils
[ 2024-03-19 17:18:37,211 ] root - INFO - Created usvisa model object with preprocessor and model
[ 2024-03-19 17:18:37,211 ] root - INFO - Created best model file path.
[ 2024-03-19 17:18:37,211 ] root - INFO - Entered the save_object method of utils
[ 2024-03-19 17:18:37,227 ] root - INFO - Exited the save_object method of utils
[ 2024-03-19 17:18:37,227 ] root - INFO - Model trainer artifact: ModelTrainerArtifact(trained_model_file_path='artifact\\03_19_2024_17_16_31\\model_trainer\\trained_model\\model.pkl', metric_artifact=ClassificationMetricArtifact(f1_score=0.8195282501371366, precision_score=0.8397976391231029, recall_score=0.8002142474558115))
[ 2024-03-19 17:18:37,258 ] botocore.hooks - DEBUG - Changing event name from creating-client-class.iot-data to creating-client-class.iot-data-plane
[ 2024-03-19 17:18:37,258 ] botocore.hooks - DEBUG - Changing event name from before-call.apigateway to before-call.api-gateway
[ 2024-03-19 17:18:37,258 ] botocore.hooks - DEBUG - Changing event name from request-created.machinelearning.Predict to request-created.machine-learning.Predict
[ 2024-03-19 17:18:37,258 ] botocore.hooks - DEBUG - Changing event name from before-parameter-build.autoscaling.CreateLaunchConfiguration to before-parameter-build.auto-scaling.CreateLaunchConfiguration
[ 2024-03-19 17:18:37,258 ] botocore.hooks - DEBUG - Changing event name from before-parameter-build.route53 to before-parameter-build.route-53
[ 2024-03-19 17:18:37,258 ] botocore.hooks - DEBUG - Changing event name from request-created.cloudsearchdomain.Search to request-created.cloudsearch-domain.Search
[ 2024-03-19 17:18:37,258 ] botocore.hooks - DEBUG - Changing event name from docs.*.autoscaling.CreateLaunchConfiguration.complete-section to docs.*.auto-scaling.CreateLaunchConfiguration.complete-section
[ 2024-03-19 17:18:37,258 ] botocore.hooks - DEBUG - Changing event name from before-parameter-build.logs.CreateExportTask to before-parameter-build.cloudwatch-logs.CreateExportTask
[ 2024-03-19 17:18:37,258 ] botocore.hooks - DEBUG - Changing event name from docs.*.logs.CreateExportTask.complete-section to docs.*.cloudwatch-logs.CreateExportTask.complete-section
[ 2024-03-19 17:18:37,258 ] botocore.hooks - DEBUG - Changing event name from before-parameter-build.cloudsearchdomain.Search to before-parameter-build.cloudsearch-domain.Search
[ 2024-03-19 17:18:37,258 ] botocore.hooks - DEBUG - Changing event name from docs.*.cloudsearchdomain.Search.complete-section to docs.*.cloudsearch-domain.Search.complete-section
[ 2024-03-19 17:18:38,252 ] botocore.loaders - DEBUG - Loading JSON file: C:\Users\nihar\anaconda3\envs\poc\lib\site-packages\boto3\data\s3\2006-03-01\resources-1.json
[ 2024-03-19 17:18:38,283 ] botocore.loaders - DEBUG - Loading JSON file: C:\Users\nihar\anaconda3\envs\poc\lib\site-packages\botocore\data\endpoints.json
[ 2024-03-19 17:18:38,377 ] botocore.loaders - DEBUG - Loading JSON file: C:\Users\nihar\anaconda3\envs\poc\lib\site-packages\botocore\data\sdk-default-configuration.json
[ 2024-03-19 17:18:38,377 ] botocore.hooks - DEBUG - Event choose-service-name: calling handler <function handle_service_name_alias at 0x0000019AAE5A0550>
[ 2024-03-19 17:18:38,654 ] botocore.loaders - DEBUG - Loading JSON file: C:\Users\nihar\anaconda3\envs\poc\lib\site-packages\botocore\data\s3\2006-03-01\service-2.json.gz
[ 2024-03-19 17:18:38,821 ] botocore.loaders - DEBUG - Loading JSON file: C:\Users\nihar\anaconda3\envs\poc\lib\site-packages\botocore\data\s3\2006-03-01\endpoint-rule-set-1.json.gz
[ 2024-03-19 17:18:38,821 ] botocore.loaders - DEBUG - Loading JSON file: C:\Users\nihar\anaconda3\envs\poc\lib\site-packages\botocore\data\partitions.json
[ 2024-03-19 17:18:38,821 ] botocore.hooks - DEBUG - Event creating-client-class.s3: calling handler <function add_generate_presigned_post at 0x0000019AAE511310>
[ 2024-03-19 17:18:38,821 ] botocore.hooks - DEBUG - Event creating-client-class.s3: calling handler <function lazy_call.<locals>._handler at 0x0000019AAEED5F70>
[ 2024-03-19 17:18:38,836 ] botocore.hooks - DEBUG - Event creating-client-class.s3: calling handler <function add_generate_presigned_url at 0x0000019AAE5110D0>
[ 2024-03-19 17:18:38,836 ] botocore.configprovider - DEBUG - Looking for endpoint for s3 via: environment_service
[ 2024-03-19 17:18:38,836 ] botocore.configprovider - DEBUG - Looking for endpoint for s3 via: environment_global
[ 2024-03-19 17:18:38,836 ] botocore.configprovider - DEBUG - Looking for endpoint for s3 via: config_service
[ 2024-03-19 17:18:38,836 ] botocore.configprovider - DEBUG - Looking for endpoint for s3 via: config_global
[ 2024-03-19 17:18:38,836 ] botocore.configprovider - DEBUG - No configured endpoint found.
[ 2024-03-19 17:18:38,852 ] botocore.endpoint - DEBUG - Setting s3 timeout as (60, 60)
[ 2024-03-19 17:18:38,868 ] botocore.loaders - DEBUG - Loading JSON file: C:\Users\nihar\anaconda3\envs\poc\lib\site-packages\botocore\data\_retry.json
[ 2024-03-19 17:18:38,868 ] botocore.client - DEBUG - Registering retry handlers for service: s3
[ 2024-03-19 17:18:38,868 ] botocore.utils - DEBUG - Registering S3 region redirector handler
[ 2024-03-19 17:18:38,868 ] botocore.utils - DEBUG - Registering S3Express Identity Resolver
[ 2024-03-19 17:18:38,868 ] boto3.resources.factory - DEBUG - Loading s3:s3
[ 2024-03-19 17:18:38,868 ] botocore.hooks - DEBUG - Event choose-service-name: calling handler <function handle_service_name_alias at 0x0000019AAE5A0550>
[ 2024-03-19 17:18:38,868 ] botocore.hooks - DEBUG - Event creating-client-class.s3: calling handler <function add_generate_presigned_post at 0x0000019AAE511310>
[ 2024-03-19 17:18:38,868 ] botocore.hooks - DEBUG - Event creating-client-class.s3: calling handler <function lazy_call.<locals>._handler at 0x0000019AAEED5F70>
[ 2024-03-19 17:18:38,868 ] botocore.hooks - DEBUG - Event creating-client-class.s3: calling handler <function add_generate_presigned_url at 0x0000019AAE5110D0>
[ 2024-03-19 17:18:38,868 ] botocore.configprovider - DEBUG - Looking for endpoint for s3 via: environment_service
[ 2024-03-19 17:18:38,868 ] botocore.configprovider - DEBUG - Looking for endpoint for s3 via: environment_global
[ 2024-03-19 17:18:38,868 ] botocore.configprovider - DEBUG - Looking for endpoint for s3 via: config_service
[ 2024-03-19 17:18:38,868 ] botocore.configprovider - DEBUG - Looking for endpoint for s3 via: config_global
[ 2024-03-19 17:18:38,868 ] botocore.configprovider - DEBUG - No configured endpoint found.
[ 2024-03-19 17:18:38,868 ] botocore.endpoint - DEBUG - Setting s3 timeout as (60, 60)
[ 2024-03-19 17:18:38,883 ] botocore.client - DEBUG - Registering retry handlers for service: s3
[ 2024-03-19 17:18:38,883 ] botocore.utils - DEBUG - Registering S3 region redirector handler
[ 2024-03-19 17:18:38,883 ] botocore.utils - DEBUG - Registering S3Express Identity Resolver
[ 2024-03-19 17:18:38,883 ] root - INFO - Entered the get_bucket method of S3Operations class
[ 2024-03-19 17:18:38,883 ] boto3.resources.factory - DEBUG - Loading s3:Bucket
[ 2024-03-19 17:18:38,883 ] boto3.resources.model - DEBUG - Renaming Bucket attribute name
[ 2024-03-19 17:18:38,883 ] botocore.hooks - DEBUG - Event creating-resource-class.s3.Bucket: calling handler <function lazy_call.<locals>._handler at 0x0000019AAECCE8B0>
[ 2024-03-19 17:18:38,883 ] root - INFO - Exited the get_bucket method of S3Operations class
[ 2024-03-19 17:18:38,996 ] botocore.loaders - DEBUG - Loading JSON file: C:\Users\nihar\anaconda3\envs\poc\lib\site-packages\botocore\data\s3\2006-03-01\paginators-1.json
[ 2024-03-19 17:18:39,011 ] botocore.loaders - DEBUG - Loading JSON file: C:\Users\nihar\anaconda3\envs\poc\lib\site-packages\botocore\data\s3\2006-03-01\paginators-1.sdk-extras.json
[ 2024-03-19 17:18:39,011 ] boto3.resources.collection - DEBUG - Calling paginated s3:list_objects with {'Bucket': 'usvisamodel2024', 'Prefix': 'model.pkl'}
[ 2024-03-19 17:18:39,011 ] botocore.hooks - DEBUG - Event before-parameter-build.s3.ListObjects: calling handler <function set_list_objects_encoding_type_url at 0x0000019AAE5BEEE0>
[ 2024-03-19 17:18:39,011 ] botocore.hooks - DEBUG - Event before-parameter-build.s3.ListObjects: calling handler <function validate_bucket_name at 0x0000019AAE5B9C10>
[ 2024-03-19 17:18:39,011 ] botocore.hooks - DEBUG - Event before-parameter-build.s3.ListObjects: calling handler <function remove_bucket_from_url_paths_from_model at 0x0000019AAE5C0A60>
[ 2024-03-19 17:18:39,011 ] botocore.hooks - DEBUG - Event before-parameter-build.s3.ListObjects: calling handler <bound method S3RegionRedirectorv2.annotate_request_context of <botocore.utils.S3RegionRedirectorv2 object at 0x0000019AAF4A5FA0>>
[ 2024-03-19 17:18:39,011 ] botocore.hooks - DEBUG - Event before-parameter-build.s3.ListObjects: calling handler <bound method S3ExpressIdentityResolver.inject_signing_cache_key of <botocore.utils.S3ExpressIdentityResolver object at 0x0000019AAF4B20A0>>
[ 2024-03-19 17:18:39,011 ] botocore.hooks - DEBUG - Event before-parameter-build.s3.ListObjects: calling handler <function generate_idempotent_uuid at 0x0000019AAE5B9A60>
[ 2024-03-19 17:18:39,011 ] botocore.hooks - DEBUG - Event before-endpoint-resolution.s3: calling handler <function customize_endpoint_resolver_builtins at 0x0000019AAE5C0C10>
[ 2024-03-19 17:18:39,011 ] botocore.hooks - DEBUG - Event before-endpoint-resolution.s3: calling handler <bound method S3RegionRedirectorv2.redirect_from_cache of <botocore.utils.S3RegionRedirectorv2 object at 0x0000019AAF4A5FA0>>
[ 2024-03-19 17:18:39,011 ] botocore.regions - DEBUG - Calling endpoint provider with parameters: {'Bucket': 'usvisamodel2024', 'Region': 'us-east-1', 'UseFIPS': False, 'UseDualStack': False, 'ForcePathStyle': False, 'Accelerate': False, 'UseGlobalEndpoint': True, 'Prefix': 'model.pkl', 'DisableMultiRegionAccessPoints': False, 'UseArnRegion': True}
[ 2024-03-19 17:18:39,011 ] botocore.regions - DEBUG - Endpoint provider result: https://usvisamodel2024.s3.amazonaws.com
[ 2024-03-19 17:18:39,011 ] botocore.regions - DEBUG - Selecting from endpoint provider's list of auth schemes: "sigv4". User selected auth scheme is: "None"
[ 2024-03-19 17:18:39,011 ] botocore.regions - DEBUG - Selected auth type "v4" as "v4" with signing context params: {'region': 'us-east-1', 'signing_name': 's3', 'disableDoubleEncoding': True}
[ 2024-03-19 17:18:39,011 ] botocore.hooks - DEBUG - Event before-call.s3.ListObjects: calling handler <function add_expect_header at 0x0000019AAE5B9F70>
[ 2024-03-19 17:18:39,011 ] botocore.hooks - DEBUG - Event before-call.s3.ListObjects: calling handler <bound method S3ExpressIdentityResolver.apply_signing_cache_key of <botocore.utils.S3ExpressIdentityResolver object at 0x0000019AAF4B20A0>>
[ 2024-03-19 17:18:39,011 ] botocore.hooks - DEBUG - Event before-call.s3.ListObjects: calling handler <function add_recursion_detection_header at 0x0000019AAE5B9700>
[ 2024-03-19 17:18:39,011 ] botocore.hooks - DEBUG - Event before-call.s3.ListObjects: calling handler <function inject_api_version_header_if_needed at 0x0000019AAE5C0310>
[ 2024-03-19 17:18:39,011 ] botocore.endpoint - DEBUG - Making request for OperationModel(name=ListObjects) with params: {'url_path': '', 'query_string': {'prefix': 'model.pkl', 'encoding-type': 'url'}, 'method': 'GET', 'headers': {'User-Agent': 'Boto3/1.34.46 md/Botocore#1.34.46 ua/2.0 os/windows#10 md/arch#amd64 lang/python#3.8.18 md/pyimpl#CPython cfg/retry-mode#legacy Botocore/1.34.46 Resource'}, 'body': b'', 'auth_path': '/usvisamodel2024/', 'url': 'https://usvisamodel2024.s3.amazonaws.com/?prefix=model.pkl&encoding-type=url', 'context': {'client_region': 'us-east-1', 'client_config': <botocore.config.Config object at 0x0000019AAF41BA60>, 'has_streaming_input': False, 'auth_type': 'v4', 'encoding_type_auto_set': True, 's3_redirect': {'redirected': False, 'bucket': 'usvisamodel2024', 'params': {'Bucket': 'usvisamodel2024', 'Prefix': 'model.pkl', 'EncodingType': 'url'}}, 'S3Express': {'bucket_name': 'usvisamodel2024'}, 'signing': {'region': 'us-east-1', 'signing_name': 's3', 'disableDoubleEncoding': True}, 'endpoint_properties': {'authSchemes': [{'disableDoubleEncoding': True, 'name': 'sigv4', 'signingName': 's3', 'signingRegion': 'us-east-1'}]}}}
[ 2024-03-19 17:18:39,011 ] botocore.hooks - DEBUG - Event request-created.s3.ListObjects: calling handler <bound method RequestSigner.handler of <botocore.signers.RequestSigner object at 0x0000019AAF41B700>>
[ 2024-03-19 17:18:39,011 ] botocore.hooks - DEBUG - Event choose-signer.s3.ListObjects: calling handler <bound method ClientCreator._default_s3_presign_to_sigv2 of <botocore.client.ClientCreator object at 0x0000019AAF239850>>
[ 2024-03-19 17:18:39,011 ] botocore.hooks - DEBUG - Event choose-signer.s3.ListObjects: calling handler <function set_operation_specific_signer at 0x0000019AAE5B9940>
[ 2024-03-19 17:18:39,011 ] botocore.hooks - DEBUG - Event before-sign.s3.ListObjects: calling handler <function remove_arn_from_signing_path at 0x0000019AAE5C0B80>
[ 2024-03-19 17:18:39,011 ] botocore.hooks - DEBUG - Event before-sign.s3.ListObjects: calling handler <bound method S3ExpressIdentityResolver.resolve_s3express_identity of <botocore.utils.S3ExpressIdentityResolver object at 0x0000019AAF4B20A0>>
[ 2024-03-19 17:18:39,011 ] botocore.auth - DEBUG - Calculating signature using v4 auth.
[ 2024-03-19 17:18:39,011 ] botocore.auth - DEBUG - CanonicalRequest:
GET
/
encoding-type=url&prefix=model.pkl
host:usvisamodel2024.s3.amazonaws.com
x-amz-content-sha256:e3b0c44298fc1c149afbf4c8996fb92427ae41e4649b934ca495991b7852b855
x-amz-date:20240319T114839Z

host;x-amz-content-sha256;x-amz-date
e3b0c44298fc1c149afbf4c8996fb92427ae41e4649b934ca495991b7852b855
[ 2024-03-19 17:18:39,027 ] botocore.auth - DEBUG - StringToSign:
AWS4-HMAC-SHA256
20240319T114839Z
20240319/us-east-1/s3/aws4_request
7eb49bb2c6aa54f553beaf2a263e2f570e961e03a5275e645544559832171077
[ 2024-03-19 17:18:39,027 ] botocore.auth - DEBUG - Signature:
37670603b63413c556819cc9b9bd5c52ec70bf442b2e763f134a7daa9f0d1c56
[ 2024-03-19 17:18:39,027 ] botocore.hooks - DEBUG - Event request-created.s3.ListObjects: calling handler <function add_retry_headers at 0x0000019AAE5C09D0>
[ 2024-03-19 17:18:39,027 ] botocore.endpoint - DEBUG - Sending http request: <AWSPreparedRequest stream_output=False, method=GET, url=https://usvisamodel2024.s3.amazonaws.com/?prefix=model.pkl&encoding-type=url, headers={'User-Agent': b'Boto3/1.34.46 md/Botocore#1.34.46 ua/2.0 os/windows#10 md/arch#amd64 lang/python#3.8.18 md/pyimpl#CPython cfg/retry-mode#legacy Botocore/1.34.46 Resource', 'X-Amz-Date': b'20240319T114839Z', 'X-Amz-Content-SHA256': b'e3b0c44298fc1c149afbf4c8996fb92427ae41e4649b934ca495991b7852b855', 'Authorization': b'AWS4-HMAC-SHA256 Credential=AKIA6GBMC6C2D6SBQI7C/20240319/us-east-1/s3/aws4_request, SignedHeaders=host;x-amz-content-sha256;x-amz-date, Signature=37670603b63413c556819cc9b9bd5c52ec70bf442b2e763f134a7daa9f0d1c56', 'amz-sdk-invocation-id': b'6aac59b1-d667-4c83-b615-b2185fddcda2', 'amz-sdk-request': b'attempt=1'}>
[ 2024-03-19 17:18:39,027 ] botocore.httpsession - DEBUG - Certificate path: C:\Users\nihar\anaconda3\envs\poc\lib\site-packages\certifi\cacert.pem
[ 2024-03-19 17:18:39,043 ] urllib3.connectionpool - DEBUG - Starting new HTTPS connection (1): usvisamodel2024.s3.amazonaws.com:443
[ 2024-03-19 17:18:41,203 ] urllib3.connectionpool - DEBUG - https://usvisamodel2024.s3.amazonaws.com:443 "GET /?prefix=model.pkl&encoding-type=url HTTP/1.1" 200 None
[ 2024-03-19 17:18:41,204 ] botocore.parsers - DEBUG - Response headers: {'x-amz-id-2': 's0w3S4iTq/xkjE1foxmDDK5Jlx60gokznX5Cejpdk4q0S2QiR0UogIAAQY5NZ5nofDcJhfjGIKc=', 'x-amz-request-id': 'AQQ042RVPTQ94R66', 'Date': 'Tue, 19 Mar 2024 11:49:10 GMT', 'x-amz-bucket-region': 'us-east-1', 'Content-Type': 'application/xml', 'Transfer-Encoding': 'chunked', 'Server': 'AmazonS3'}
[ 2024-03-19 17:18:41,204 ] botocore.parsers - DEBUG - Response body:
b'<?xml version="1.0" encoding="UTF-8"?>\n<ListBucketResult xmlns="http://s3.amazonaws.com/doc/2006-03-01/"><Name>usvisamodel2024</Name><Prefix>model.pkl</Prefix><Marker></Marker><MaxKeys>1000</MaxKeys><EncodingType>url</EncodingType><IsTruncated>false</IsTruncated></ListBucketResult>'
[ 2024-03-19 17:18:41,251 ] botocore.hooks - DEBUG - Event needs-retry.s3.ListObjects: calling handler <botocore.retryhandler.RetryHandler object at 0x0000019AAF4A5F40>
[ 2024-03-19 17:18:41,251 ] botocore.retryhandler - DEBUG - No retry needed.
[ 2024-03-19 17:18:41,251 ] botocore.hooks - DEBUG - Event needs-retry.s3.ListObjects: calling handler <bound method S3RegionRedirectorv2.redirect_from_error of <botocore.utils.S3RegionRedirectorv2 object at 0x0000019AAF4A5FA0>>
[ 2024-03-19 17:18:41,251 ] botocore.hooks - DEBUG - Event after-call.s3.ListObjects: calling handler <function decode_list_object at 0x0000019AAE5BEF70>
[ 2024-03-19 17:18:41,251 ] boto3.resources.factory - DEBUG - Loading s3:ObjectSummary
[ 2024-03-19 17:18:41,251 ] boto3.resources.model - DEBUG - Renaming ObjectSummary attribute key
[ 2024-03-19 17:18:41,251 ] botocore.hooks - DEBUG - Event creating-resource-class.s3.ObjectSummary: calling handler <function lazy_call.<locals>._handler at 0x0000019AAECCEAF0>
[ 2024-03-19 17:18:41,251 ] root - INFO - Result: EvaluateModelResponse(trained_model_f1_score=0.8195282501371366, best_model_f1_score=None, is_model_accepted=True, difference=0.8195282501371366)
[ 2024-03-19 17:18:41,251 ] root - INFO - Model evaluation artifact: ModelEvaluationArtifact(is_model_accepted=True, changed_accuracy=0.8195282501371366, s3_model_path='model.pkl', trained_model_path='artifact\\03_19_2024_17_16_31\\model_trainer\\trained_model\\model.pkl')
[ 2024-03-19 17:18:41,251 ] root - INFO - Entered initiate_model_pusher method of ModelTrainer class
[ 2024-03-19 17:18:41,251 ] root - INFO - Uploading artifacts folder to s3 bucket
[ 2024-03-19 17:18:41,251 ] root - INFO - Entered the upload_file method of S3Operations class
[ 2024-03-19 17:18:41,251 ] root - INFO - Uploading artifact\03_19_2024_17_16_31\model_trainer\trained_model\model.pkl file to model.pkl file in usvisamodel2024 bucket
[ 2024-03-19 17:18:41,251 ] boto3.s3.transfer - DEBUG - Opting out of CRT Transfer Manager. Preferred client: auto, CRT available: False, Instance Optimized: False.
[ 2024-03-19 17:18:41,251 ] boto3.s3.transfer - DEBUG - Using default client. pid: 10988, thread: 2056
[ 2024-03-19 17:18:41,251 ] s3transfer.utils - DEBUG - Acquiring 0
[ 2024-03-19 17:18:41,251 ] s3transfer.tasks - DEBUG - UploadSubmissionTask(transfer_id=0, {'transfer_future': <s3transfer.futures.TransferFuture object at 0x0000019AAF57C670>}) about to wait for the following futures []
[ 2024-03-19 17:18:41,251 ] s3transfer.tasks - DEBUG - UploadSubmissionTask(transfer_id=0, {'transfer_future': <s3transfer.futures.TransferFuture object at 0x0000019AAF57C670>}) done waiting for dependent futures
[ 2024-03-19 17:18:41,251 ] s3transfer.tasks - DEBUG - Executing task UploadSubmissionTask(transfer_id=0, {'transfer_future': <s3transfer.futures.TransferFuture object at 0x0000019AAF57C670>}) with kwargs {'client': <botocore.client.S3 object at 0x0000019AAF41B790>, 'config': <boto3.s3.transfer.TransferConfig object at 0x0000019AB03A42E0>, 'osutil': <s3transfer.utils.OSUtils object at 0x0000019AB03A47C0>, 'request_executor': <s3transfer.futures.BoundedExecutor object at 0x0000019AAEC95310>, 'transfer_future': <s3transfer.futures.TransferFuture object at 0x0000019AAF57C670>}
[ 2024-03-19 17:18:41,266 ] s3transfer.futures - DEBUG - Submitting task PutObjectTask(transfer_id=0, {'bucket': 'usvisamodel2024', 'key': 'model.pkl', 'extra_args': {}}) to executor <s3transfer.futures.BoundedExecutor object at 0x0000019AAEC95310> for transfer request: 0.
[ 2024-03-19 17:18:41,266 ] s3transfer.utils - DEBUG - Acquiring 0
[ 2024-03-19 17:18:41,266 ] s3transfer.tasks - DEBUG - PutObjectTask(transfer_id=0, {'bucket': 'usvisamodel2024', 'key': 'model.pkl', 'extra_args': {}}) about to wait for the following futures []
[ 2024-03-19 17:18:41,266 ] s3transfer.utils - DEBUG - Releasing acquire 0/None
[ 2024-03-19 17:18:41,266 ] s3transfer.tasks - DEBUG - PutObjectTask(transfer_id=0, {'bucket': 'usvisamodel2024', 'key': 'model.pkl', 'extra_args': {}}) done waiting for dependent futures
[ 2024-03-19 17:18:41,266 ] s3transfer.tasks - DEBUG - Executing task PutObjectTask(transfer_id=0, {'bucket': 'usvisamodel2024', 'key': 'model.pkl', 'extra_args': {}}) with kwargs {'client': <botocore.client.S3 object at 0x0000019AAF41B790>, 'fileobj': <s3transfer.utils.ReadFileChunk object at 0x0000019AAF57CD00>, 'bucket': 'usvisamodel2024', 'key': 'model.pkl', 'extra_args': {}}
[ 2024-03-19 17:18:41,266 ] botocore.hooks - DEBUG - Event before-parameter-build.s3.PutObject: calling handler <function validate_ascii_metadata at 0x0000019AAE5BE8B0>
[ 2024-03-19 17:18:41,266 ] botocore.hooks - DEBUG - Event before-parameter-build.s3.PutObject: calling handler <function sse_md5 at 0x0000019AAE5B9CA0>
[ 2024-03-19 17:18:41,266 ] botocore.hooks - DEBUG - Event before-parameter-build.s3.PutObject: calling handler <function convert_body_to_file_like_object at 0x0000019AAE5C01F0>
[ 2024-03-19 17:18:41,266 ] botocore.hooks - DEBUG - Event before-parameter-build.s3.PutObject: calling handler <function validate_bucket_name at 0x0000019AAE5B9C10>
[ 2024-03-19 17:18:41,266 ] botocore.hooks - DEBUG - Event before-parameter-build.s3.PutObject: calling handler <function remove_bucket_from_url_paths_from_model at 0x0000019AAE5C0A60>
[ 2024-03-19 17:18:41,266 ] botocore.hooks - DEBUG - Event before-parameter-build.s3.PutObject: calling handler <bound method S3RegionRedirectorv2.annotate_request_context of <botocore.utils.S3RegionRedirectorv2 object at 0x0000019AAF4A5FA0>>
[ 2024-03-19 17:18:41,266 ] botocore.hooks - DEBUG - Event before-parameter-build.s3.PutObject: calling handler <bound method S3ExpressIdentityResolver.inject_signing_cache_key of <botocore.utils.S3ExpressIdentityResolver object at 0x0000019AAF4B20A0>>
[ 2024-03-19 17:18:41,266 ] botocore.hooks - DEBUG - Event before-parameter-build.s3.PutObject: calling handler <function generate_idempotent_uuid at 0x0000019AAE5B9A60>
[ 2024-03-19 17:18:41,266 ] botocore.hooks - DEBUG - Event before-endpoint-resolution.s3: calling handler <function customize_endpoint_resolver_builtins at 0x0000019AAE5C0C10>
[ 2024-03-19 17:18:41,266 ] botocore.hooks - DEBUG - Event before-endpoint-resolution.s3: calling handler <bound method S3RegionRedirectorv2.redirect_from_cache of <botocore.utils.S3RegionRedirectorv2 object at 0x0000019AAF4A5FA0>>
[ 2024-03-19 17:18:41,266 ] botocore.regions - DEBUG - Calling endpoint provider with parameters: {'Bucket': 'usvisamodel2024', 'Region': 'us-east-1', 'UseFIPS': False, 'UseDualStack': False, 'ForcePathStyle': False, 'Accelerate': False, 'UseGlobalEndpoint': True, 'Key': 'model.pkl', 'DisableMultiRegionAccessPoints': False, 'UseArnRegion': True}
[ 2024-03-19 17:18:41,266 ] botocore.regions - DEBUG - Endpoint provider result: https://usvisamodel2024.s3.amazonaws.com
[ 2024-03-19 17:18:41,266 ] botocore.regions - DEBUG - Selecting from endpoint provider's list of auth schemes: "sigv4". User selected auth scheme is: "None"
[ 2024-03-19 17:18:41,266 ] botocore.regions - DEBUG - Selected auth type "v4" as "v4" with signing context params: {'region': 'us-east-1', 'signing_name': 's3', 'disableDoubleEncoding': True}
[ 2024-03-19 17:18:41,266 ] botocore.hooks - DEBUG - Event before-call.s3.PutObject: calling handler <function conditionally_calculate_checksum at 0x0000019AAE45ADC0>
[ 2024-03-19 17:18:41,282 ] botocore.hooks - DEBUG - Event before-call.s3.PutObject: calling handler <function add_expect_header at 0x0000019AAE5B9F70>
[ 2024-03-19 17:18:41,282 ] botocore.handlers - DEBUG - Adding expect 100 continue header to request.
[ 2024-03-19 17:18:41,282 ] botocore.hooks - DEBUG - Event before-call.s3.PutObject: calling handler <bound method S3ExpressIdentityResolver.apply_signing_cache_key of <botocore.utils.S3ExpressIdentityResolver object at 0x0000019AAF4B20A0>>
[ 2024-03-19 17:18:41,282 ] botocore.hooks - DEBUG - Event before-call.s3.PutObject: calling handler <function add_recursion_detection_header at 0x0000019AAE5B9700>
[ 2024-03-19 17:18:41,282 ] botocore.hooks - DEBUG - Event before-call.s3.PutObject: calling handler <function inject_api_version_header_if_needed at 0x0000019AAE5C0310>
[ 2024-03-19 17:18:41,282 ] botocore.endpoint - DEBUG - Making request for OperationModel(name=PutObject) with params: {'url_path': '/model.pkl', 'query_string': {}, 'method': 'PUT', 'headers': {'User-Agent': 'Boto3/1.34.46 md/Botocore#1.34.46 ua/2.0 os/windows#10 md/arch#amd64 lang/python#3.8.18 md/pyimpl#CPython cfg/retry-mode#legacy Botocore/1.34.46 Resource', 'Content-MD5': 'MBrR/fHBkcyd/xq1Fyo2eg==', 'Expect': '100-continue'}, 'body': <s3transfer.utils.ReadFileChunk object at 0x0000019AAF57CD00>, 'auth_path': '/usvisamodel2024/model.pkl', 'url': 'https://usvisamodel2024.s3.amazonaws.com/model.pkl', 'context': {'client_region': 'us-east-1', 'client_config': <botocore.config.Config object at 0x0000019AAF41BA60>, 'has_streaming_input': True, 'auth_type': 'v4', 's3_redirect': {'redirected': False, 'bucket': 'usvisamodel2024', 'params': {'Bucket': 'usvisamodel2024', 'Key': 'model.pkl', 'Body': <s3transfer.utils.ReadFileChunk object at 0x0000019AAF57CD00>}}, 'S3Express': {'bucket_name': 'usvisamodel2024'}, 'signing': {'region': 'us-east-1', 'signing_name': 's3', 'disableDoubleEncoding': True}, 'endpoint_properties': {'authSchemes': [{'disableDoubleEncoding': True, 'name': 'sigv4', 'signingName': 's3', 'signingRegion': 'us-east-1'}]}}}
[ 2024-03-19 17:18:41,282 ] botocore.hooks - DEBUG - Event request-created.s3.PutObject: calling handler <function signal_not_transferring at 0x0000019AAE6B2670>
[ 2024-03-19 17:18:41,282 ] botocore.hooks - DEBUG - Event request-created.s3.PutObject: calling handler <bound method RequestSigner.handler of <botocore.signers.RequestSigner object at 0x0000019AAF41B700>>
[ 2024-03-19 17:18:41,282 ] botocore.hooks - DEBUG - Event choose-signer.s3.PutObject: calling handler <bound method ClientCreator._default_s3_presign_to_sigv2 of <botocore.client.ClientCreator object at 0x0000019AAF239850>>
[ 2024-03-19 17:18:41,282 ] botocore.hooks - DEBUG - Event choose-signer.s3.PutObject: calling handler <function set_operation_specific_signer at 0x0000019AAE5B9940>
[ 2024-03-19 17:18:41,282 ] botocore.hooks - DEBUG - Event before-sign.s3.PutObject: calling handler <function remove_arn_from_signing_path at 0x0000019AAE5C0B80>
[ 2024-03-19 17:18:41,282 ] botocore.hooks - DEBUG - Event before-sign.s3.PutObject: calling handler <bound method S3ExpressIdentityResolver.resolve_s3express_identity of <botocore.utils.S3ExpressIdentityResolver object at 0x0000019AAF4B20A0>>
[ 2024-03-19 17:18:41,282 ] botocore.auth - DEBUG - Calculating signature using v4 auth.
[ 2024-03-19 17:18:41,282 ] botocore.auth - DEBUG - CanonicalRequest:
PUT
/model.pkl

content-md5:MBrR/fHBkcyd/xq1Fyo2eg==
host:usvisamodel2024.s3.amazonaws.com
x-amz-content-sha256:UNSIGNED-PAYLOAD
x-amz-date:20240319T114841Z

content-md5;host;x-amz-content-sha256;x-amz-date
UNSIGNED-PAYLOAD
[ 2024-03-19 17:18:41,282 ] botocore.auth - DEBUG - StringToSign:
AWS4-HMAC-SHA256
20240319T114841Z
20240319/us-east-1/s3/aws4_request
03452f13504ce009fdb72024348287076d9e2d145fe4cb9a457cbbcf19e4e67b
[ 2024-03-19 17:18:41,282 ] botocore.auth - DEBUG - Signature:
a235b132b3c7d3a42c8671ec40e0f84248379131b16d0fe8e0cb20835b66c367
[ 2024-03-19 17:18:41,282 ] botocore.hooks - DEBUG - Event request-created.s3.PutObject: calling handler <function signal_transferring at 0x0000019AAE6B2700>
[ 2024-03-19 17:18:41,282 ] botocore.hooks - DEBUG - Event request-created.s3.PutObject: calling handler <function add_retry_headers at 0x0000019AAE5C09D0>
[ 2024-03-19 17:18:41,282 ] botocore.endpoint - DEBUG - Sending http request: <AWSPreparedRequest stream_output=False, method=PUT, url=https://usvisamodel2024.s3.amazonaws.com/model.pkl, headers={'User-Agent': b'Boto3/1.34.46 md/Botocore#1.34.46 ua/2.0 os/windows#10 md/arch#amd64 lang/python#3.8.18 md/pyimpl#CPython cfg/retry-mode#legacy Botocore/1.34.46 Resource', 'Content-MD5': b'MBrR/fHBkcyd/xq1Fyo2eg==', 'Expect': b'100-continue', 'X-Amz-Date': b'20240319T114841Z', 'X-Amz-Content-SHA256': b'UNSIGNED-PAYLOAD', 'Authorization': b'AWS4-HMAC-SHA256 Credential=AKIA6GBMC6C2D6SBQI7C/20240319/us-east-1/s3/aws4_request, SignedHeaders=content-md5;host;x-amz-content-sha256;x-amz-date, Signature=a235b132b3c7d3a42c8671ec40e0f84248379131b16d0fe8e0cb20835b66c367', 'amz-sdk-invocation-id': b'29f10cfa-1523-4fc1-b200-72324090e4d6', 'amz-sdk-request': b'attempt=1', 'Content-Length': '2741856'}>
[ 2024-03-19 17:18:41,282 ] botocore.httpsession - DEBUG - Certificate path: C:\Users\nihar\anaconda3\envs\poc\lib\site-packages\certifi\cacert.pem
[ 2024-03-19 17:18:41,282 ] botocore.awsrequest - DEBUG - Waiting for 100 Continue response.
[ 2024-03-19 17:18:41,581 ] botocore.awsrequest - DEBUG - 100 Continue response seen, now sending request body.
[ 2024-03-19 17:19:02,558 ] urllib3.connectionpool - DEBUG - https://usvisamodel2024.s3.amazonaws.com:443 "PUT /model.pkl HTTP/1.1" 200 0
[ 2024-03-19 17:19:02,558 ] botocore.parsers - DEBUG - Response headers: {'x-amz-id-2': 'Ig/RaenGIDQZ+SYH439quGvpbQHA0NyzZWrEhSeAVOJBg0H3RjvLvhnL2FoJ7BGsDuUlOEfozPI=', 'x-amz-request-id': 'AQQ06XYR4AK6V1XF', 'Date': 'Tue, 19 Mar 2024 11:49:10 GMT', 'x-amz-server-side-encryption': 'AES256', 'ETag': '"301ad1fdf1c191cc9dff1ab5172a367a"', 'Server': 'AmazonS3', 'Content-Length': '0'}
[ 2024-03-19 17:19:02,558 ] botocore.parsers - DEBUG - Response body:
b''
[ 2024-03-19 17:19:02,558 ] botocore.hooks - DEBUG - Event needs-retry.s3.PutObject: calling handler <botocore.retryhandler.RetryHandler object at 0x0000019AAF4A5F40>
[ 2024-03-19 17:19:02,558 ] botocore.retryhandler - DEBUG - No retry needed.
[ 2024-03-19 17:19:02,558 ] botocore.hooks - DEBUG - Event needs-retry.s3.PutObject: calling handler <bound method S3RegionRedirectorv2.redirect_from_error of <botocore.utils.S3RegionRedirectorv2 object at 0x0000019AAF4A5FA0>>
[ 2024-03-19 17:19:02,558 ] s3transfer.utils - DEBUG - Releasing acquire 0/None
[ 2024-03-19 17:19:02,558 ] root - INFO - Uploaded artifact\03_19_2024_17_16_31\model_trainer\trained_model\model.pkl file to model.pkl file in usvisamodel2024 bucket
[ 2024-03-19 17:19:02,558 ] root - INFO - Remove is set to False, not deleted the file
[ 2024-03-19 17:19:02,558 ] root - INFO - Exited the upload_file method of S3Operations class
[ 2024-03-19 17:19:02,558 ] root - INFO - Uploaded artifacts folder to s3 bucket
[ 2024-03-19 17:19:02,558 ] root - INFO - Model pusher artifact: [ModelPusherArtifact(bucket_name='usvisamodel2024', s3_model_path='model.pkl')]
[ 2024-03-19 17:19:02,558 ] root - INFO - Exited initiate_model_pusher method of ModelTrainer class
